<?xml version="1.0" encoding="UTF-8"?>
<!-- Generated by org.testng.reporters.JUnitXMLReporter -->
<testsuite ignored="0" hostname="LAPTOP-R1775SKG" failures="0" tests="6" name="Default test" time="74.758" errors="0" timestamp="2022-01-12T09:54:42 IST">
  <testcase classname="com.DataDriven.MercuryFlightBooking" name="FlighBookingReg" time="5.361"/>
  <testcase classname="com.DataDriven.MercuryFlightBooking" name="FlighBookingReg" time="4.363"/>
  <testcase classname="com.DataDriven.MercuryFlightBooking" name="FlighBookingReg" time="5.215"/>
  <testcase classname="com.DataDriven.MercuryFlightBooking" name="FlighBookingSignOn" time="1.778"/>
  <testcase classname="com.DataDriven.MercuryFlightBooking" name="FlighBookingSignOn" time="5.295"/>
  <testcase classname="com.DataDriven.MercuryFlightBooking" name="FlighBookingSignOn" time="1.992"/>
</testsuite> <!-- Default test -->
