<?xml version="1.0" encoding="UTF-8"?>
<testng-results ignored="0" total="6" passed="6" failed="0" skipped="0">
  <reporter-output>
  </reporter-output>
  <suite started-at="2022-01-12T09:53:28 IST" name="Default suite" finished-at="2022-01-12T09:54:42 IST" duration-ms="74758">
    <groups>
    </groups>
    <test started-at="2022-01-12T09:53:28 IST" name="Default test" finished-at="2022-01-12T09:54:42 IST" duration-ms="74758">
      <class name="com.DataDriven.MercuryFlightBooking">
        <test-method is-config="true" signature="setUp()[pri:0, instance:com.DataDriven.MercuryFlightBooking@1649b0e6]" started-at="2022-01-12T09:53:28 IST" name="setUp" finished-at="2022-01-12T09:53:38 IST" duration-ms="9232" status="PASS">
          <reporter-output>
          </reporter-output>
        </test-method> <!-- setUp -->
        <test-method signature="FlighBookingReg(java.lang.String, java.lang.String, java.lang.String, java.lang.String, java.lang.String, java.lang.String, java.lang.String, java.lang.String, java.lang.String, java.lang.String, java.lang.String, java.lang.String)[pri:0, instance:com.DataDriven.MercuryFlightBooking@1649b0e6]" started-at="2022-01-12T09:53:38 IST" name="FlighBookingReg" data-provider="getTestData" finished-at="2022-01-12T09:53:43 IST" duration-ms="5361" status="PASS">
          <params>
            <param index="0">
              <value>
                <![CDATA[John]]>
              </value>
            </param>
            <param index="1">
              <value>
                <![CDATA[Smith]]>
              </value>
            </param>
            <param index="2">
              <value>
                <![CDATA[ 9800000001]]>
              </value>
            </param>
            <param index="3">
              <value>
                <![CDATA[johnsmith2021@yopmail.com]]>
              </value>
            </param>
            <param index="4">
              <value>
                <![CDATA[3201, Global Store, NY]]>
              </value>
            </param>
            <param index="5">
              <value>
                <![CDATA[New York]]>
              </value>
            </param>
            <param index="6">
              <value>
                <![CDATA[US]]>
              </value>
            </param>
            <param index="7">
              <value>
                <![CDATA[90129.0]]>
              </value>
            </param>
            <param index="8">
              <value>
                <![CDATA[john_smith01]]>
              </value>
            </param>
            <param index="9">
              <value>
                <![CDATA[UNITED STATES]]>
              </value>
            </param>
            <param index="10">
              <value>
                <![CDATA[Test@123]]>
              </value>
            </param>
            <param index="11">
              <value>
                <![CDATA[Test@123]]>
              </value>
            </param>
          </params>
          <reporter-output>
          </reporter-output>
        </test-method> <!-- FlighBookingReg -->
        <test-method is-config="true" signature="tearDown()[pri:0, instance:com.DataDriven.MercuryFlightBooking@1649b0e6]" started-at="2022-01-12T09:53:43 IST" name="tearDown" finished-at="2022-01-12T09:53:44 IST" duration-ms="686" status="PASS">
          <reporter-output>
          </reporter-output>
        </test-method> <!-- tearDown -->
        <test-method is-config="true" signature="setUp()[pri:0, instance:com.DataDriven.MercuryFlightBooking@1649b0e6]" started-at="2022-01-12T09:53:44 IST" name="setUp" finished-at="2022-01-12T09:53:50 IST" duration-ms="6532" status="PASS">
          <reporter-output>
          </reporter-output>
        </test-method> <!-- setUp -->
        <test-method signature="FlighBookingReg(java.lang.String, java.lang.String, java.lang.String, java.lang.String, java.lang.String, java.lang.String, java.lang.String, java.lang.String, java.lang.String, java.lang.String, java.lang.String, java.lang.String)[pri:0, instance:com.DataDriven.MercuryFlightBooking@1649b0e6]" started-at="2022-01-12T09:53:50 IST" name="FlighBookingReg" data-provider="getTestData" finished-at="2022-01-12T09:53:54 IST" duration-ms="4363" status="PASS">
          <params>
            <param index="0">
              <value>
                <![CDATA[Sam]]>
              </value>
            </param>
            <param index="1">
              <value>
                <![CDATA[Philips]]>
              </value>
            </param>
            <param index="2">
              <value>
                <![CDATA[ 7802729110]]>
              </value>
            </param>
            <param index="3">
              <value>
                <![CDATA[samphilips111@yahoo.com]]>
              </value>
            </param>
            <param index="4">
              <value>
                <![CDATA[177, Salt Lake, Kolkata]]>
              </value>
            </param>
            <param index="5">
              <value>
                <![CDATA[Kolkata]]>
              </value>
            </param>
            <param index="6">
              <value>
                <![CDATA[WB]]>
              </value>
            </param>
            <param index="7">
              <value>
                <![CDATA[700156.0]]>
              </value>
            </param>
            <param index="8">
              <value>
                <![CDATA[Sam_philips02]]>
              </value>
            </param>
            <param index="9">
              <value>
                <![CDATA[INDIA]]>
              </value>
            </param>
            <param index="10">
              <value>
                <![CDATA[Pwd#123]]>
              </value>
            </param>
            <param index="11">
              <value>
                <![CDATA[Pwd#123]]>
              </value>
            </param>
          </params>
          <reporter-output>
          </reporter-output>
        </test-method> <!-- FlighBookingReg -->
        <test-method is-config="true" signature="tearDown()[pri:0, instance:com.DataDriven.MercuryFlightBooking@1649b0e6]" started-at="2022-01-12T09:53:54 IST" name="tearDown" finished-at="2022-01-12T09:53:55 IST" duration-ms="681" status="PASS">
          <reporter-output>
          </reporter-output>
        </test-method> <!-- tearDown -->
        <test-method is-config="true" signature="setUp()[pri:0, instance:com.DataDriven.MercuryFlightBooking@1649b0e6]" started-at="2022-01-12T09:53:55 IST" name="setUp" finished-at="2022-01-12T09:54:03 IST" duration-ms="7672" status="PASS">
          <reporter-output>
          </reporter-output>
        </test-method> <!-- setUp -->
        <test-method signature="FlighBookingReg(java.lang.String, java.lang.String, java.lang.String, java.lang.String, java.lang.String, java.lang.String, java.lang.String, java.lang.String, java.lang.String, java.lang.String, java.lang.String, java.lang.String)[pri:0, instance:com.DataDriven.MercuryFlightBooking@1649b0e6]" started-at="2022-01-12T09:54:03 IST" name="FlighBookingReg" data-provider="getTestData" finished-at="2022-01-12T09:54:08 IST" duration-ms="5215" status="PASS">
          <params>
            <param index="0">
              <value>
                <![CDATA[Tom]]>
              </value>
            </param>
            <param index="1">
              <value>
                <![CDATA[Falos]]>
              </value>
            </param>
            <param index="2">
              <value>
                <![CDATA[ 8902671028]]>
              </value>
            </param>
            <param index="3">
              <value>
                <![CDATA[tomfalos2012@yahoo.com]]>
              </value>
            </param>
            <param index="4">
              <value>
                <![CDATA[1601, Phenix City, Delhi]]>
              </value>
            </param>
            <param index="5">
              <value>
                <![CDATA[Delhi]]>
              </value>
            </param>
            <param index="6">
              <value>
                <![CDATA[DELHI]]>
              </value>
            </param>
            <param index="7">
              <value>
                <![CDATA[840135.0]]>
              </value>
            </param>
            <param index="8">
              <value>
                <![CDATA[Tom_Falos11]]>
              </value>
            </param>
            <param index="9">
              <value>
                <![CDATA[INDIA]]>
              </value>
            </param>
            <param index="10">
              <value>
                <![CDATA[Pwd$111]]>
              </value>
            </param>
            <param index="11">
              <value>
                <![CDATA[Pwd$111]]>
              </value>
            </param>
          </params>
          <reporter-output>
          </reporter-output>
        </test-method> <!-- FlighBookingReg -->
        <test-method is-config="true" signature="tearDown()[pri:0, instance:com.DataDriven.MercuryFlightBooking@1649b0e6]" started-at="2022-01-12T09:54:08 IST" name="tearDown" finished-at="2022-01-12T09:54:09 IST" duration-ms="671" status="PASS">
          <reporter-output>
          </reporter-output>
        </test-method> <!-- tearDown -->
        <test-method is-config="true" signature="setUp()[pri:0, instance:com.DataDriven.MercuryFlightBooking@1649b0e6]" started-at="2022-01-12T09:54:09 IST" name="setUp" finished-at="2022-01-12T09:54:16 IST" duration-ms="6986" status="PASS">
          <reporter-output>
          </reporter-output>
        </test-method> <!-- setUp -->
        <test-method signature="FlighBookingSignOn(java.lang.String, java.lang.String, java.lang.String, java.lang.String, java.lang.String, java.lang.String, java.lang.String, java.lang.String, java.lang.String, java.lang.String, java.lang.String, java.lang.String)[pri:0, instance:com.DataDriven.MercuryFlightBooking@1649b0e6]" started-at="2022-01-12T09:54:16 IST" name="FlighBookingSignOn" data-provider="getTestData" finished-at="2022-01-12T09:54:18 IST" duration-ms="1778" status="PASS">
          <params>
            <param index="0">
              <value>
                <![CDATA[John]]>
              </value>
            </param>
            <param index="1">
              <value>
                <![CDATA[Smith]]>
              </value>
            </param>
            <param index="2">
              <value>
                <![CDATA[ 9800000001]]>
              </value>
            </param>
            <param index="3">
              <value>
                <![CDATA[johnsmith2021@yopmail.com]]>
              </value>
            </param>
            <param index="4">
              <value>
                <![CDATA[3201, Global Store, NY]]>
              </value>
            </param>
            <param index="5">
              <value>
                <![CDATA[New York]]>
              </value>
            </param>
            <param index="6">
              <value>
                <![CDATA[US]]>
              </value>
            </param>
            <param index="7">
              <value>
                <![CDATA[90129.0]]>
              </value>
            </param>
            <param index="8">
              <value>
                <![CDATA[john_smith01]]>
              </value>
            </param>
            <param index="9">
              <value>
                <![CDATA[UNITED STATES]]>
              </value>
            </param>
            <param index="10">
              <value>
                <![CDATA[Test@123]]>
              </value>
            </param>
            <param index="11">
              <value>
                <![CDATA[Test@123]]>
              </value>
            </param>
          </params>
          <reporter-output>
          </reporter-output>
        </test-method> <!-- FlighBookingSignOn -->
        <test-method is-config="true" signature="tearDown()[pri:0, instance:com.DataDriven.MercuryFlightBooking@1649b0e6]" started-at="2022-01-12T09:54:18 IST" name="tearDown" finished-at="2022-01-12T09:54:18 IST" duration-ms="686" status="PASS">
          <reporter-output>
          </reporter-output>
        </test-method> <!-- tearDown -->
        <test-method is-config="true" signature="setUp()[pri:0, instance:com.DataDriven.MercuryFlightBooking@1649b0e6]" started-at="2022-01-12T09:54:18 IST" name="setUp" finished-at="2022-01-12T09:54:24 IST" duration-ms="6245" status="PASS">
          <reporter-output>
          </reporter-output>
        </test-method> <!-- setUp -->
        <test-method signature="FlighBookingSignOn(java.lang.String, java.lang.String, java.lang.String, java.lang.String, java.lang.String, java.lang.String, java.lang.String, java.lang.String, java.lang.String, java.lang.String, java.lang.String, java.lang.String)[pri:0, instance:com.DataDriven.MercuryFlightBooking@1649b0e6]" started-at="2022-01-12T09:54:24 IST" name="FlighBookingSignOn" data-provider="getTestData" finished-at="2022-01-12T09:54:30 IST" duration-ms="5295" status="PASS">
          <params>
            <param index="0">
              <value>
                <![CDATA[Sam]]>
              </value>
            </param>
            <param index="1">
              <value>
                <![CDATA[Philips]]>
              </value>
            </param>
            <param index="2">
              <value>
                <![CDATA[ 7802729110]]>
              </value>
            </param>
            <param index="3">
              <value>
                <![CDATA[samphilips111@yahoo.com]]>
              </value>
            </param>
            <param index="4">
              <value>
                <![CDATA[177, Salt Lake, Kolkata]]>
              </value>
            </param>
            <param index="5">
              <value>
                <![CDATA[Kolkata]]>
              </value>
            </param>
            <param index="6">
              <value>
                <![CDATA[WB]]>
              </value>
            </param>
            <param index="7">
              <value>
                <![CDATA[700156.0]]>
              </value>
            </param>
            <param index="8">
              <value>
                <![CDATA[Sam_philips02]]>
              </value>
            </param>
            <param index="9">
              <value>
                <![CDATA[INDIA]]>
              </value>
            </param>
            <param index="10">
              <value>
                <![CDATA[Pwd#123]]>
              </value>
            </param>
            <param index="11">
              <value>
                <![CDATA[Pwd#123]]>
              </value>
            </param>
          </params>
          <reporter-output>
          </reporter-output>
        </test-method> <!-- FlighBookingSignOn -->
        <test-method is-config="true" signature="tearDown()[pri:0, instance:com.DataDriven.MercuryFlightBooking@1649b0e6]" started-at="2022-01-12T09:54:30 IST" name="tearDown" finished-at="2022-01-12T09:54:30 IST" duration-ms="663" status="PASS">
          <reporter-output>
          </reporter-output>
        </test-method> <!-- tearDown -->
        <test-method is-config="true" signature="setUp()[pri:0, instance:com.DataDriven.MercuryFlightBooking@1649b0e6]" started-at="2022-01-12T09:54:30 IST" name="setUp" finished-at="2022-01-12T09:54:40 IST" duration-ms="9237" status="PASS">
          <reporter-output>
          </reporter-output>
        </test-method> <!-- setUp -->
        <test-method signature="FlighBookingSignOn(java.lang.String, java.lang.String, java.lang.String, java.lang.String, java.lang.String, java.lang.String, java.lang.String, java.lang.String, java.lang.String, java.lang.String, java.lang.String, java.lang.String)[pri:0, instance:com.DataDriven.MercuryFlightBooking@1649b0e6]" started-at="2022-01-12T09:54:40 IST" name="FlighBookingSignOn" data-provider="getTestData" finished-at="2022-01-12T09:54:42 IST" duration-ms="1992" status="PASS">
          <params>
            <param index="0">
              <value>
                <![CDATA[Tom]]>
              </value>
            </param>
            <param index="1">
              <value>
                <![CDATA[Falos]]>
              </value>
            </param>
            <param index="2">
              <value>
                <![CDATA[ 8902671028]]>
              </value>
            </param>
            <param index="3">
              <value>
                <![CDATA[tomfalos2012@yahoo.com]]>
              </value>
            </param>
            <param index="4">
              <value>
                <![CDATA[1601, Phenix City, Delhi]]>
              </value>
            </param>
            <param index="5">
              <value>
                <![CDATA[Delhi]]>
              </value>
            </param>
            <param index="6">
              <value>
                <![CDATA[DELHI]]>
              </value>
            </param>
            <param index="7">
              <value>
                <![CDATA[840135.0]]>
              </value>
            </param>
            <param index="8">
              <value>
                <![CDATA[Tom_Falos11]]>
              </value>
            </param>
            <param index="9">
              <value>
                <![CDATA[INDIA]]>
              </value>
            </param>
            <param index="10">
              <value>
                <![CDATA[Pwd$111]]>
              </value>
            </param>
            <param index="11">
              <value>
                <![CDATA[Pwd$111]]>
              </value>
            </param>
          </params>
          <reporter-output>
          </reporter-output>
        </test-method> <!-- FlighBookingSignOn -->
        <test-method is-config="true" signature="tearDown()[pri:0, instance:com.DataDriven.MercuryFlightBooking@1649b0e6]" started-at="2022-01-12T09:54:42 IST" name="tearDown" finished-at="2022-01-12T09:54:42 IST" duration-ms="673" status="PASS">
          <reporter-output>
          </reporter-output>
        </test-method> <!-- tearDown -->
      </class> <!-- com.DataDriven.MercuryFlightBooking -->
    </test> <!-- Default test -->
  </suite> <!-- Default suite -->
</testng-results>
